<?xml version="1.0" encoding="UTF-8"?>
<!-- Generated by org.testng.reporters.JUnitXMLReporter -->
<testsuite hostname="LAPTOP-QDJEF1VJ" name="Test" tests="2" failures="1" timestamp="20 Mar 2025 03:23:26 GMT" time="18.327" errors="0">
  <testcase name="verifyLogin" time="3.682" classname="com.mystore.testcases.TC_DataDrivenTest"/>
  <testcase name="verifyLogin" time="2.261" classname="com.mystore.testcases.TC_DataDrivenTest">
    <failure type="java.lang.AssertionError" message="expected:&amp;lt;true&amp;gt; but was:&amp;lt;false&amp;gt;">
      <![CDATA[java.lang.AssertionError: expected:<true> but was:<false>
	at com.mystore.testcases.TC_DataDrivenTest.verifyLogin(TC_DataDrivenTest.java:49)
... Removed 28 stack frames]]>
    </failure>
  </testcase> <!-- verifyLogin -->
</testsuite> <!-- Test -->
